<?xml version="1.0" encoding="UTF-8"?>
<!-- Generated by org.testng.reporters.JUnitReportReporter -->
<testsuite skipped="0" hostname="Ravi-PC" name="testScripts.Test1" tests="2" failures="0" timestamp="06 Sep 2018 09:16:55 GMT" time="76.622" errors="0">
  <testcase name="facebookTest" time="56.675" classname="testScripts.Test1"/>
  <testcase name="facebookTest" time="19.947" classname="testScripts.Test1"/>
</testsuite> <!-- testScripts.Test1 -->
